Tue May 29 2018 13:38:24 GMT-0300 (STD): GET /
Tue May 29 2018 13:38:25 GMT-0300 (STD): GET /about
Tue May 29 2018 13:38:26 GMT-0300 (STD): GET /
Tue May 29 2018 13:38:26 GMT-0300 (STD): GET /about
Tue May 29 2018 16:29:32 GMT-0300 (-03): GET /
Tue May 29 2018 16:29:33 GMT-0300 (-03): GET /favicon.ico
Tue May 29 2018 16:29:38 GMT-0300 (-03): GET /about
Tue May 29 2018 16:29:38 GMT-0300 (-03): GET /favicon.ico
Tue May 29 2018 16:29:39 GMT-0300 (-03): GET /
Tue May 29 2018 16:29:39 GMT-0300 (-03): GET /favicon.ico
Tue May 29 2018 16:29:40 GMT-0300 (-03): GET /
Tue May 29 2018 16:29:40 GMT-0300 (-03): GET /favicon.ico
Tue May 29 2018 16:29:40 GMT-0300 (-03): GET /about
Tue May 29 2018 16:29:40 GMT-0300 (-03): GET /favicon.ico
Tue May 29 2018 16:29:41 GMT-0300 (-03): GET /about
Tue May 29 2018 16:29:41 GMT-0300 (-03): GET /favicon.ico
Tue May 29 2018 16:29:41 GMT-0300 (-03): GET /about
Tue May 29 2018 16:29:41 GMT-0300 (-03): GET /favicon.ico
Tue May 29 2018 16:29:42 GMT-0300 (-03): GET /
Tue May 29 2018 16:29:42 GMT-0300 (-03): GET /favicon.ico
Tue May 29 2018 16:29:42 GMT-0300 (-03): GET /
Tue May 29 2018 16:29:42 GMT-0300 (-03): GET /favicon.ico
Tue May 29 2018 16:29:43 GMT-0300 (-03): GET /
Tue May 29 2018 16:29:43 GMT-0300 (-03): GET /favicon.ico
Tue May 29 2018 16:29:44 GMT-0300 (-03): GET /about
Tue May 29 2018 16:29:44 GMT-0300 (-03): GET /favicon.ico
Tue May 29 2018 16:29:44 GMT-0300 (-03): GET /about
Tue May 29 2018 16:29:44 GMT-0300 (-03): GET /favicon.ico
Tue May 29 2018 16:29:45 GMT-0300 (-03): GET /about
Tue May 29 2018 16:29:45 GMT-0300 (-03): GET /favicon.ico
Tue May 29 2018 16:29:46 GMT-0300 (-03): GET /
Tue May 29 2018 16:29:46 GMT-0300 (-03): GET /favicon.ico
Tue May 29 2018 16:29:47 GMT-0300 (-03): GET /
Tue May 29 2018 16:29:47 GMT-0300 (-03): GET /favicon.ico
Tue May 29 2018 16:32:12 GMT-0300 (-03): GET /favicon.ico
Tue May 29 2018 16:32:32 GMT-0300 (-03): GET /favicon.ico
Tue May 29 2018 16:32:33 GMT-0300 (-03): GET /favicon.ico
Tue May 29 2018 16:32:43 GMT-0300 (-03): GET /help.html
Tue May 29 2018 16:32:44 GMT-0300 (-03): GET /favicon.ico
Tue May 29 2018 16:33:30 GMT-0300 (-03): GET /help.html
Tue May 29 2018 16:33:30 GMT-0300 (-03): GET /favicon.ico
Tue May 29 2018 16:34:18 GMT-0300 (-03): GET /help.html
Tue May 29 2018 16:34:19 GMT-0300 (-03): GET /favicon.ico
